<?xml version="1.0" encoding="UTF-8"?>
<testsuite xmlns:xsi="http://www.w3.org/2001/XMLSchema-instance" xsi:noNamespaceSchemaLocation="https://maven.apache.org/surefire/maven-surefire-plugin/xsd/surefire-test-report-3.0.xsd" version="3.0" name="TestSuite" time="42.076" tests="1" errors="0" skipped="0" failures="0">
  <properties>
[...]
</properties>
  <testcase name="Test_HomePage_LinksSatus" classname="com.NordicNaturals.TestCases.TC_001_HomePageLinkValidationTest" time="31.902">
    <system-out><![CDATA[LOG:INFO- Setting up the Browser chrome https://www.nordicnaturals.com/consumers/
LOG:INFO- Browser and Application is up and running
Checking url https://www.nordicnaturals.com/consumers/#
Code from server is 200
Response from server is OK
Success
Checking url https://www.nordicnaturals.com/professionals/
Code from server is 200
Response from server is OK
Success
Checking url https://www.nordicnaturals.com/petVet/
Code from server is 200
Response from server is OK
Success
Checking url https://www.nordicnaturals.com/consumers/store-locations/
Code from server is 200
Response from server is OK
Success
Checking url https://www.nordicnaturals.com/consumers/customer/account/login/
Code from server is 200
Response from server is OK
Success
Checking url https://www.nordicnaturals.com/consumers/#
Code from server is 200
Response from server is OK
Success
Checking url http://nordicnaturals.ca/
Code from server is 200
Response from server is OK
Success
Checking url https://www.nordicnaturals.com/china/
Code from server is 200
Response from server is OK
Success
Checking url https://www.nordicnaturals.com/ie/
Code from server is 200
Response from server is OK
Success
Checking url https://www.nordicnaturals.com/norway/
Code from server is 200
Response from server is OK
Success
Checking url https://www.nordicnaturals.com/pe/
Code from server is 200
Response from server is OK
Success
Checking url https://www.nordicnaturals.com/uk/
Code from server is 200
Response from server is OK
Success
Checking url https://www.nordicnaturals.com/southkorea/
Code from server is 200
Response from server is OK
Success
Checking url https://www.nordicnaturals.com/consumers/#contentarea
Code from server is 200
Response from server is OK
Success
Checking url https://www.nordicnaturals.com/consumers/
Code from server is 200
Response from server is OK
Success
Checking url https://www.nordicnaturals.com/consumers/#store.menu
Code from server is 200
Response from server is OK
Success
Checking url https://www.nordicnaturals.com/consumers/shop-by-health-interests
Code from server is 200
Response from server is OK
Success
Checking url https://www.nordicnaturals.com/consumers/shop-by-health-interests/womens-health
Code from server is 200
Response from server is OK
Success
Checking url https://www.nordicnaturals.com/consumers/shop-by-health-interests/mom-and-baby
Code from server is 200
Response from server is OK
Success
Checking url https://www.nordicnaturals.com/consumers/shop-by-health-interests/children-teens
Code from server is 200
Response from server is OK
Success
Checking url https://www.nordicnaturals.com/consumers/shop-by-health-interests/pet-health
Code from server is 200
Response from server is OK
Success
Checking url https://www.nordicnaturals.com/consumers/shop-by-health-interests/optimal-health-and-wellness
Code from server is 200
Response from server is OK
Success
Checking url https://www.nordicnaturals.com/consumers/shop-by-health-interests/heart-health
Code from server is 200
Response from server is OK
Success
Checking url https://www.nordicnaturals.com/consumers/shop-by-health-interests/blood-sugar-and-metabolic-health
Code from server is 200
Response from server is OK
Success
Checking url https://www.nordicnaturals.com/consumers/shop-by-health-interests/brain-memory-and-mood-support
Code from server is 200
Response from server is OK
Success
Checking url https://www.nordicnaturals.com/consumers/shop-by-health-interests/energy-and-vitality
Code from server is 200
Response from server is OK
Success
Checking url https://www.nordicnaturals.com/consumers/shop-by-health-interests/immune-health
Code from server is 200
Response from server is OK
Success
Checking url https://www.nordicnaturals.com/consumers/shop-by-health-interests/digestive-support
Code from server is 200
Response from server is OK
Success
Checking url https://www.nordicnaturals.com/consumers/shop-by-health-interests/eye-health
Code from server is 200
Response from server is OK
Success
Checking url https://www.nordicnaturals.com/consumers/shop-by-health-interests/skin-hair-and-nails
Code from server is 200
Response from server is OK
Success
Checking url https://www.nordicnaturals.com/consumers/shop-by-health-interests/bones-muscles-and-joints
Code from server is 200
Response from server is OK
Success
Checking url https://www.nordicnaturals.com/consumers/shop-by-health-interests/athletic-performance-and-fitness
Code from server is 200
Response from server is OK
Success
Checking url https://www.nordicnaturals.com/consumers/shop-by-health-interests/nsf-sport-certified
Code from server is 200
Response from server is OK
Success
Checking url https://www.nordicnaturals.com/consumers/shop-by-health-interests/vegan
Code from server is 200
Response from server is OK
Success
Checking url https://www.nordicnaturals.com/consumers/shop-by-health-interests/vegetarian
Code from server is 200
Response from server is OK
Success
Checking url https://www.nordicnaturals.com/consumers/shop-by-health-interests/new-products
Code from server is 200
Response from server is OK
Success
Checking url https://www.nordicnaturals.com/consumers/shop-by-health-interests/best-sellers
Code from server is 200
Response from server is OK
Success
Checking url https://www.nordicnaturals.com/consumers/shop-by-product
Code from server is 200
Response from server is OK
Success
Checking url https://www.nordicnaturals.com/consumers/shop-by-product/omega-3-fish-oils
Code from server is 200
Response from server is OK
Success
Checking url https://www.nordicnaturals.com/consumers/shop-by-product/probiotics-more
Code from server is 200
Response from server is OK
Success
Checking url https://www.nordicnaturals.com/consumers/shop-by-product/vitamins-more
Code from server is 200
Response from server is OK
Success
Checking url https://www.nordicnaturals.com/consumers/shop-by-product/gummies
Code from server is 200
Response from server is OK
Success
Checking url https://www.nordicnaturals.com/consumers/nordic-pack
Code from server is 200
Response from server is OK
Success
Checking url https://www.nordicnaturals.com/consumers/nordic-pack/get-up-go
Code from server is 200
Response from server is OK
Success
Checking url https://www.nordicnaturals.com/consumers/nordic-pack/immunity
Code from server is 200
Response from server is OK
Success
Checking url https://www.nordicnaturals.com/consumers/nordic-pack/kids-immunity
Code from server is 200
Response from server is OK
Success
Checking url https://www.nordicnaturals.com/consumers/nordic-pack/mommy-me
Code from server is 200
Response from server is OK
Success
Checking url https://www.nordicnaturals.com/consumers/nordic-pack/starter-pack
Code from server is 200
Response from server is OK
Success
Checking url https://www.nordicnaturals.com/consumers/nordic-pack/starter-pack-vegan
Code from server is 200
Response from server is OK
Success
Checking url https://www.nordicnaturals.com/consumers/nordic-pack/super-woman
Code from server is 200
Response from server is OK
Success
Checking url https://www.nordicnaturals.com/consumers/nordic-pack/work-smart
Code from server is 200
Response from server is OK
Success
Checking url https://www.nordicnaturals.com/consumers/catalog/category/view/s/kids-wellness/id/311/
Code from server is 200
Response from server is OK
Success
Checking url https://www.nordicnaturals.com/consumers/catalog/category/view/s/skin-nutrition/id/314/
Code from server is 200
Response from server is OK
Success
Checking url https://www.nordicnaturals.com/consumers/catalog/category/view/s/rest-relax/id/317/
Code from server is 200
Response from server is OK
Success
Checking url https://www.nordicnaturals.com/consumers/catalog/category/view/s/ultimate-man/id/320/
Code from server is 200
Response from server is OK
Success
Checking url https://www.nordicnaturals.com/consumers/#
Code from server is 200
Response from server is OK
Success
Checking url https://www.nordicnaturals.com/consumers/#topnav-shop-by-health-interests
Code from server is 200
Response from server is OK
Success
Checking url https://www.nordicnaturals.com/consumers/#topnav-shop-by-product
Code from server is 200
Response from server is OK
Success
Checking url https://www.nordicnaturals.com/consumers/#topnav-nordic-packs
Code from server is 200
Response from server is OK
Success
Checking url https://www.nordicnaturals.com/consumers/shop-by-health-interests/womens-health
Code from server is 200
Response from server is OK
Success
Checking url https://www.nordicnaturals.com/consumers/shop-by-health-interests/mom-and-baby
Code from server is 200
Response from server is OK
Success
Checking url https://www.nordicnaturals.com/consumers/shop-by-health-interests/children-teens
Code from server is 200
Response from server is OK
Success
Checking url https://www.nordicnaturals.com/consumers/shop-by-health-interests/pet-health
Code from server is 200
Response from server is OK
Success
Checking url https://www.nordicnaturals.com/consumers/shop-by-health-interests/optimal-health-and-wellness
Code from server is 200
Response from server is OK
Success
Checking url https://www.nordicnaturals.com/consumers/shop-by-health-interests/heart-health
Code from server is 200
Response from server is OK
Success
Checking url https://www.nordicnaturals.com/consumers/shop-by-health-interests/blood-sugar-and-metabolic-health
Code from server is 200
Response from server is OK
Success
Checking url https://www.nordicnaturals.com/consumers/shop-by-health-interests/brain-memory-and-mood-support
Code from server is 200
Response from server is OK
Success
Checking url https://www.nordicnaturals.com/consumers/shop-by-health-interests/energy-and-vitality
Code from server is 200
Response from server is OK
Success
Checking url https://www.nordicnaturals.com/consumers/shop-by-health-interests/immune-health
Code from server is 200
Response from server is OK
Success
Checking url https://www.nordicnaturals.com/consumers/shop-by-health-interests/digestive-support
Code from server is 200
Response from server is OK
Success
Checking url https://www.nordicnaturals.com/consumers/shop-by-health-interests/eye-health
Code from server is 200
Response from server is OK
Success
Checking url https://www.nordicnaturals.com/consumers/shop-by-health-interests/skin-hair-and-nails
Code from server is 200
Response from server is OK
Success
Checking url https://www.nordicnaturals.com/consumers/shop-by-health-interests/bones-muscles-and-joints
Code from server is 200
Response from server is OK
Success
Checking url https://www.nordicnaturals.com/consumers/shop-by-health-interests/athletic-performance-and-fitness
Code from server is 200
Response from server is OK
Success
Checking url https://www.nordicnaturals.com/consumers/shop-by-health-interests/nsf-sport-certified
Code from server is 200
Response from server is OK
Success
Checking url https://www.nordicnaturals.com/consumers/shop-by-health-interests/vegan
Code from server is 200
Response from server is OK
Success
Checking url https://www.nordicnaturals.com/consumers/shop-by-health-interests/vegetarian
Code from server is 200
Response from server is OK
Success
Checking url https://www.nordicnaturals.com/consumers/shop-by-health-interests/new-products
Code from server is 200
Response from server is OK
Success
Checking url https://www.nordicnaturals.com/consumers/shop-by-health-interests/best-sellers
Code from server is 200
Response from server is OK
Success
Checking url https://www.nordicnaturals.com/consumers/shop-by-health-interests
Code from server is 200
Response from server is OK
Success
Checking url https://www.nordicnaturals.com/consumers/shop-by-product/omega-3-fish-oils
Code from server is 200
Response from server is OK
Success
Checking url https://www.nordicnaturals.com/consumers/shop-by-product/probiotics-more
Code from server is 200
Response from server is OK
Success
Checking url https://www.nordicnaturals.com/consumers/shop-by-product/vitamins-more
Code from server is 200
Response from server is OK
Success
Checking url https://www.nordicnaturals.com/consumers/shop-by-product/gummies
Code from server is 200
Response from server is OK
Success
Checking url https://www.nordicnaturals.com/consumers/shop-by-product
Code from server is 200
Response from server is OK
Success
Checking url https://www.nordicnaturals.com/consumers/get-up-go-pack
Code from server is 200
Response from server is OK
Success
Checking url https://www.nordicnaturals.com/consumers/immunity-pack
Code from server is 200
Response from server is OK
Success
Checking url https://www.nordicnaturals.com/consumers/immunity-pack-kids
Code from server is 200
Response from server is OK
Success
Checking url https://www.nordicnaturals.com/consumers/kids-wellness
Code from server is 200
Response from server is OK
Success
Checking url https://www.nordicnaturals.com/consumers/mommy-me-pack
Code from server is 200
Response from server is OK
Success
Checking url https://www.nordicnaturals.com/consumers/rest-n-relax
Code from server is 200
Response from server is OK
Success
Checking url https://www.nordicnaturals.com/consumers/skin-nutrition
Code from server is 200
Response from server is OK
Success
Checking url https://www.nordicnaturals.com/consumers/starter-pack
Code from server is 200
Response from server is OK
Success
Checking url https://www.nordicnaturals.com/consumers/starter-pack-vegan
Code from server is 200
Response from server is OK
Success
Checking url https://www.nordicnaturals.com/consumers/ultimate-man
Code from server is 200
Response from server is OK
Success
Checking url https://www.nordicnaturals.com/consumers/ultimate-woman
Code from server is 200
Response from server is OK
Success
Checking url https://www.nordicnaturals.com/consumers/work-smart-pack
Code from server is 200
Response from server is OK
Success
Checking url https://www.nordicnaturals.com/consumers/nordic-pack
Code from server is 200
Response from server is OK
Success
Checking url https://www.nordicnaturals.com/consumers/#
Code from server is 200
Response from server is OK
Success
Checking url https://www.nordicnaturals.com/consumers/why-omega-3s/
Code from server is 200
Response from server is OK
Success
Checking url https://www.nordicnaturals.com/consumers/why-probiotics/
Code from server is 200
Response from server is OK
Success
Checking url https://www.nordicnaturals.com/consumers/why-vitamins/
Code from server is 200
Response from server is OK
Success
Checking url https://www.nordicnaturals.com/healthy-science/
Code from server is 200
Response from server is OK
Success
Checking url https://www.nordicnaturals.com/consumers/#
Code from server is 200
Response from server is OK
Success
Checking url https://www.nordicnaturals.com/consumers/why-omega-3s/
Code from server is 200
Response from server is OK
Success
Checking url https://www.nordicnaturals.com/consumers/why-probiotics/
Code from server is 200
Response from server is OK
Success
Checking url https://www.nordicnaturals.com/consumers/why-vitamins/
Code from server is 200
Response from server is OK
Success
Checking url https://www.nordicnaturals.com/healthy-science/
Code from server is 200
Response from server is OK
Success
Checking url https://www.nordicnaturals.com/consumers/#
Code from server is 200
Response from server is OK
Success
Checking url https://www.nordicnaturals.com/consumers/our-story/
Code from server is 200
Response from server is OK
Success
Checking url https://www.nordicnaturals.com/consumers/our-mission/
Code from server is 200
Response from server is OK
Success
Checking url https://www.nordicnaturals.com/consumers/nordic-advantage/
Code from server is 200
Response from server is OK
Success
Checking url https://www.nordicnaturals.com/consumers/cofa/
Code from server is 200
Response from server is OK
Success
Checking url https://www.nordicnaturals.com/consumers/#
Code from server is 200
Response from server is OK
Success
Checking url https://www.nordicnaturals.com/consumers/our-story/
Code from server is 200
Response from server is OK
Success
Checking url https://www.nordicnaturals.com/consumers/our-mission/
Code from server is 200
Response from server is OK
Success
Checking url https://www.nordicnaturals.com/consumers/nordic-advantage/
Code from server is 200
Response from server is OK
Success
Checking url https://www.nordicnaturals.com/consumers/cofa/
Code from server is 200
Response from server is OK
Success
Checking url https://www.nordicnaturals.com/consumers/#
Code from server is 200
Response from server is OK
Success
Checking url https://www.nordicnaturals.com/consumers/outreach/
Code from server is 200
Response from server is OK
Success
Checking url https://www.nordicnaturals.com/consumers/#
Code from server is 200
Response from server is OK
Success
Checking url https://www.nordicnaturals.com/consumers/outreach/
Code from server is 200
Response from server is OK
Success
Checking url https://www.nordicnaturals.com/consumers/#
Code from server is 200
Response from server is OK
Success
Checking url https://www.nordicnaturals.com/consumers/customer/account/login/
Code from server is 200
Response from server is OK
Success
Checking url https://www.nordicnaturals.com/consumers/practitioner-sign-up/
Code from server is 404
Response from server is Not Found
Broken link https://www.nordicnaturals.com/consumers/practitioner-sign-up/
Checking url https://www.nordicnaturals.com/professionals/
Code from server is 200
Response from server is OK
Success
Checking url https://www.nordicnaturals.com/petVet/
Code from server is 200
Response from server is OK
Success
Checking url https://www.nordicnaturals.com/consumers/store-locations/
Code from server is 200
Response from server is OK
Success
Checking url https://www.nordicnaturals.com/consumers/#
Code from server is 200
Response from server is OK
Success
Checking url http://nordicnaturals.ca/
Code from server is 200
Response from server is OK
Success
Checking url https://www.nordicnaturals.com/china/
Code from server is 200
Response from server is OK
Success
Checking url https://www.nordicnaturals.com/ie/
Code from server is 200
Response from server is OK
Success
Checking url https://www.nordicnaturals.com/norway/
Code from server is 200
Response from server is OK
Success
Checking url https://www.nordicnaturals.com/pe/
Code from server is 200
Response from server is OK
Success
Checking url https://www.nordicnaturals.com/uk/
Code from server is 200
Response from server is OK
Success
Checking url https://www.nordicnaturals.com/southkorea/
Code from server is 200
Response from server is OK
Success
Checking url https://www.nordicnaturals.com/consumers/#
Code from server is 200
Response from server is OK
Success
Checking url https://www.nordicnaturals.com/consumers/#
Code from server is 200
Response from server is OK
Success
Checking url https://www.nordicnaturals.com/international/
Code from server is 200
Response from server is OK
Success
Checking url https://www.nordicnaturals.com/patients/
Code from server is 200
Response from server is OK
Success
Checking url https://www.nordicnaturals.com/consumers/customer/account/login/
Code from server is 200
Response from server is OK
Success
Checking url https://www.nordicnaturals.com/petVet/
Code from server is 200
Response from server is OK
Success
Checking url https://www.nordicnaturals.com/en/patients/pet-products/969
Code from server is 200
Response from server is OK
Success
Checking url https://blog.nordicnaturals.com/
Code from server is 200
Response from server is OK
Success
Checking url https://www.nordicnaturals.com/consumers/#store.links
Code from server is 200
Response from server is OK
Success
Checking url https://www.nordicnaturals.com/consumers/customer/account/login/
Code from server is 200
Response from server is OK
Success
Checking url https://www.nordicnaturals.com/consumers/customer/account/create/
Code from server is 200
Response from server is OK
Success
Checking url https://www.nordicnaturals.com/consumers/checkout/cart/
Code from server is 200
Response from server is OK
Success
Checking url https://www.nordicnaturals.com/consumers/ultimate-omega?utm_campaign=Heart%20Health%202021&utm_source=website&utm_medium=hearthealthwebhero
Code from server is 200
Response from server is OK
Success
Checking url https://www.nordicnaturals.com/consumers/ultimate-omega
Code from server is 200
Response from server is OK
Success
Checking url https://www.nordicnaturals.com/consumers/kids-wellness?___store=consumers
Code from server is 200
Response from server is OK
Success
Checking url https://www.nordicnaturals.com/consumers/rest-n-relax?___store=consumers
Code from server is 200
Response from server is OK
Success
Checking url https://www.nordicnaturals.com/consumers/skin-nutrition?___store=consumers
Code from server is 200
Response from server is OK
Success
Checking url https://www.nordicnaturals.com/consumers/ultimate-man?___store=consumers
Code from server is 200
Response from server is OK
Success
Checking url https://www.nordicnaturals.com/consumers/nordic-pack/immunity
Code from server is 200
Response from server is OK
Success
Checking url https://www.nordicnaturals.com/consumers/nordic-pack/kids-immunity
Code from server is 200
Response from server is OK
Success
Checking url https://www.nordicnaturals.com/consumers/nordic-pack/immunity
Code from server is 200
Response from server is OK
Success
Checking url https://www.nordicnaturals.com/consumers/nordic-pack/kids-immunity
Code from server is 200
Response from server is OK
Success
Checking url https://www.nordicnaturals.com/consumers/nordic-pack/starter-pack
Code from server is 200
Response from server is OK
Success
Checking url https://www.nordicnaturals.com/consumers/nordic-pack/starter-pack-vegan
Code from server is 200
Response from server is OK
Success
Checking url https://www.nordicnaturals.com/consumers/nordic-pack/super-woman
Code from server is 200
Response from server is OK
Success
Checking url https://www.nordicnaturals.com/consumers/nordic-pack/work-smart
Code from server is 200
Response from server is OK
Success
Checking url https://www.nordicnaturals.com/consumers/shop-by-health-interests/new-products?utm_campaign=Consumer%20Website&utm_source=consumerwebsite&utm_medium=newproducthptile&utm_content=childrenseyehealth/
Code from server is 200
Response from server is OK
Success
Checking url https://www.nordicnaturals.com/consumers/shop-by-health-interests/new-products?utm_campaign=Consumer%20Website&utm_source=consumerwebsite&utm_medium=newproducthptile&utm_content=magnesium/
Code from server is 200
Response from server is OK
Success
Checking url https://www.nordicnaturals.com/consumers/shop-by-health-interests/best-sellers
Code from server is 200
Response from server is OK
Success
Checking url https://www.nordicnaturals.com/consumers/shop-by-health-interests/best-sellers
Code from server is 200
Response from server is OK
Success
Checking url https://www.nordicnaturals.com/consumers/nordic-immune-daily-defense
Code from server is 200
Response from server is OK
Success
Checking url https://www.nordicnaturals.com/consumers/nordic-immune-daily-defense
Code from server is 200
Response from server is OK
Success
Checking url https://nordicnaturals.com/healthy-science/?utm_campaign=Healthy%20Science&utm_source=newhshp_tile2020&utm_medium=tileudpate
Code from server is 200
Response from server is OK
Success
Checking url https://nordicnaturals.com/healthy-science/?utm_campaign=Healthy%20Science&utm_source=newhshp_tile2020&utm_medium=tileudpate
Code from server is 200
Response from server is OK
Success
Checking url https://www.nordicnaturals.com/consumers/cofa
Code from server is 200
Response from server is OK
Success
Checking url https://www.nordicnaturals.com/consumers/cofa
Code from server is 200
Response from server is OK
Success
Checking url https://www.facebook.com/nordicnaturals/
Code from server is 200
Response from server is OK
Success
Checking url https://twitter.com/NordicNaturals
Code from server is 200
Response from server is OK
Success
Checking url https://www.instagram.com/nordicnaturals/
Code from server is 405
Response from server is Method Not Allowed
Broken link https://www.instagram.com/nordicnaturals/
Checking url https://www.pinterest.com/nordicnaturals/
Code from server is 200
Response from server is OK
Success
Checking url https://www.nordicnaturals.com/consumers/#
Code from server is 200
Response from server is OK
Success
Checking url https://www.nordicnaturals.com/consumers/why-omega-3s/
Code from server is 200
Response from server is OK
Success
Checking url https://www.nordicnaturals.com/consumers/why-probiotics/
Code from server is 200
Response from server is OK
Success
Checking url https://www.nordicnaturals.com/consumers/why-vitamins/
Code from server is 200
Response from server is OK
Success
Checking url https://www.nordicnaturals.com/healthy-science/
Code from server is 200
Response from server is OK
Success
Checking url https://www.nordicnaturals.com/consumers/#
Code from server is 200
Response from server is OK
Success
Checking url https://www.nordicnaturals.com/consumers/our-story/
Code from server is 200
Response from server is OK
Success
Checking url https://www.nordicnaturals.com/consumers/our-mission/
Code from server is 200
Response from server is OK
Success
Checking url https://www.nordicnaturals.com/consumers/nordic-advantage/
Code from server is 200
Response from server is OK
Success
Checking url https://www.nordicnaturals.com/consumers/cofa/
Code from server is 200
Response from server is OK
Success
Checking url https://www.nordicnaturals.com/consumers/#
Code from server is 200
Response from server is OK
Success
Checking url https://www.nordicnaturals.com/consumers/outreach/
Code from server is 200
Response from server is OK
Success
Checking url https://www.nordicnaturals.com/consumers/#
Code from server is 200
Response from server is OK
Success
Checking url https://www.nordicnaturals.com/consumers/careers/
Code from server is 200
Response from server is OK
Success
Checking url https://www.nordicnaturals.com/consumers/contact-us/
Code from server is 200
Response from server is OK
Success
Checking url https://www.nordicnaturals.com/consumers/faq/
Code from server is 200
Response from server is OK
Success
Checking url https://www.nordicnaturals.com/consumers/worldwide-distributors/
Code from server is 200
Response from server is OK
Success
Checking url https://www.nordicnaturals.com/consumers/#
Code from server is 200
Response from server is OK
Success
Checking url https://www.nordicnaturals.com/consumers/#
Code from server is 200
Response from server is OK
Success
Checking url https://www.nordicnaturals.com/international/
Code from server is 200
Response from server is OK
Success
Checking url https://www.nordicnaturals.com/patients/
Code from server is 200
Response from server is OK
Success
Checking url https://www.nordicnaturals.com/consumers/customer/account/login/
Code from server is 200
Response from server is OK
Success
Checking url https://www.nordicnaturals.com/petVet/
Code from server is 200
Response from server is OK
Success
Checking url https://www.nordicnaturals.com/en/patients/pet-products/969
Code from server is 200
Response from server is OK
Success
Checking url https://blog.nordicnaturals.com/
Code from server is 200
Response from server is OK
Success
Checking url https://www.facebook.com/nordicnaturals/
Code from server is 200
Response from server is OK
Success
Checking url https://twitter.com/NordicNaturals
Code from server is 200
Response from server is OK
Success
Checking url https://www.instagram.com/nordicnaturals/
Code from server is 405
Response from server is Method Not Allowed
Broken link https://www.instagram.com/nordicnaturals/
Checking url https://www.pinterest.com/nordicnaturals/
Code from server is 200
Response from server is OK
Success
Checking url https://www.nordicnaturals.com/consumers/sb657/
Code from server is 200
Response from server is OK
Success
Checking url https://www.nordicnaturals.com/consumers/privacy/
Code from server is 200
Response from server is OK
Success
Checking url https://www.nordicnaturals.com/consumers/returns/
Code from server is 200
Response from server is OK
Success
Checking url https://www.nordicnaturals.com/consumers/terms-and-conditions
Code from server is 200
Response from server is OK
Success
Checking url https://www.nordicnaturals.com/consumers/terms-conditions
Code from server is 200
Response from server is OK
Success
Checking url https://www.nordicnaturals.com/consumers/accessibility-statement
Code from server is 200
Response from server is OK
Success
Checking url https://onetrust.com/poweredbyonetrust
Code from server is 403
Response from server is Forbidden
Success
Checking url https://www.nordicnaturals.com/consumers/#
Code from server is 200
Response from server is OK
Success
Checking url https://www.nordicnaturals.com/consumers/#
Code from server is 200
Response from server is OK
Success
Checking url https://onetrust.com/poweredbyonetrust
Code from server is 403
Response from server is Forbidden
Success
Checking url https://www.nordicnaturals.com/consumers/reward-points
Code from server is 200
Response from server is OK
Success
Checking url https://www.nordicnaturals.com/consumers/privacy
Code from server is 200
Response from server is OK
Success
]]></system-out>
    <system-err><![CDATA[SLF4J: Failed to load class "org.slf4j.impl.StaticLoggerBinder".
SLF4J: Defaulting to no-operation (NOP) logger implementation
SLF4J: See http://www.slf4j.org/codes.html#StaticLoggerBinder for further details.
Starting ChromeDriver 88.0.4324.96 (68dba2d8a0b149a1d3afac56fa74648032bcf46b-refs/branch-heads/4324@{#1784}) on port 46738
Only local connections are allowed.
Please see https://chromedriver.chromium.org/security-considerations for suggestions on keeping ChromeDriver safe.
ChromeDriver was started successfully.
Feb 24, 2021 11:55:11 PM org.openqa.selenium.remote.ProtocolHandshake createSession
INFO: Detected dialect: W3C
java.net.MalformedURLException
	at java.net.URL.<init>(URL.java:644)
	at java.net.URL.<init>(URL.java:507)
	at java.net.URL.<init>(URL.java:456)
	at com.NordicNaturals.helper.TestUtilities.linkValidation(TestUtilities.java:38)
	at com.NordicNaturals.TestCases.TC_001_HomePageLinkValidationTest.Test_HomePage_LinksSatus(TC_001_HomePageLinkValidationTest.java:53)
	at sun.reflect.NativeMethodAccessorImpl.invoke0(Native Method)
	at sun.reflect.NativeMethodAccessorImpl.invoke(NativeMethodAccessorImpl.java:62)
	at sun.reflect.DelegatingMethodAccessorImpl.invoke(DelegatingMethodAccessorImpl.java:43)
	at java.lang.reflect.Method.invoke(Method.java:498)
	at org.testng.internal.MethodInvocationHelper.invokeMethod(MethodInvocationHelper.java:124)
	at org.testng.internal.Invoker.invokeMethod(Invoker.java:583)
	at org.testng.internal.Invoker.invokeTestMethod(Invoker.java:719)
	at org.testng.internal.Invoker.invokeTestMethods(Invoker.java:989)
	at org.testng.internal.TestMethodWorker.invokeTestMethods(TestMethodWorker.java:125)
	at org.testng.internal.TestMethodWorker.run(TestMethodWorker.java:109)
	at org.testng.TestRunner.privateRun(TestRunner.java:648)
	at org.testng.TestRunner.run(TestRunner.java:505)
	at org.testng.SuiteRunner.runTest(SuiteRunner.java:455)
	at org.testng.SuiteRunner.runSequentially(SuiteRunner.java:450)
	at org.testng.SuiteRunner.privateRun(SuiteRunner.java:415)
	at org.testng.SuiteRunner.run(SuiteRunner.java:364)
	at org.testng.SuiteRunnerWorker.runSuite(SuiteRunnerWorker.java:52)
	at org.testng.SuiteRunnerWorker.run(SuiteRunnerWorker.java:84)
	at org.testng.TestNG.runSuitesSequentially(TestNG.java:1208)
	at org.testng.TestNG.runSuitesLocally(TestNG.java:1137)
	at org.testng.TestNG.runSuites(TestNG.java:1049)
	at org.testng.TestNG.run(TestNG.java:1017)
	at org.apache.maven.surefire.testng.TestNGExecutor.run(TestNGExecutor.java:284)
	at org.apache.maven.surefire.testng.TestNGXmlTestSuite.execute(TestNGXmlTestSuite.java:75)
	at org.apache.maven.surefire.testng.TestNGProvider.invoke(TestNGProvider.java:119)
	at org.apache.maven.surefire.booter.ForkedBooter.runSuitesInProcess(ForkedBooter.java:428)
	at org.apache.maven.surefire.booter.ForkedBooter.execute(ForkedBooter.java:162)
	at org.apache.maven.surefire.booter.ForkedBooter.run(ForkedBooter.java:562)
	at org.apache.maven.surefire.booter.ForkedBooter.main(ForkedBooter.java:548)
Caused by: java.lang.NullPointerException
	at java.net.URL.<init>(URL.java:549)
	... 33 more
java.net.MalformedURLException: unknown protocol: javascript
	at java.net.URL.<init>(URL.java:617)
	at java.net.URL.<init>(URL.java:507)
	at java.net.URL.<init>(URL.java:456)
	at com.NordicNaturals.helper.TestUtilities.linkValidation(TestUtilities.java:38)
	at com.NordicNaturals.TestCases.TC_001_HomePageLinkValidationTest.Test_HomePage_LinksSatus(TC_001_HomePageLinkValidationTest.java:53)
	at sun.reflect.NativeMethodAccessorImpl.invoke0(Native Method)
	at sun.reflect.NativeMethodAccessorImpl.invoke(NativeMethodAccessorImpl.java:62)
	at sun.reflect.DelegatingMethodAccessorImpl.invoke(DelegatingMethodAccessorImpl.java:43)
	at java.lang.reflect.Method.invoke(Method.java:498)
	at org.testng.internal.MethodInvocationHelper.invokeMethod(MethodInvocationHelper.java:124)
	at org.testng.internal.Invoker.invokeMethod(Invoker.java:583)
	at org.testng.internal.Invoker.invokeTestMethod(Invoker.java:719)
	at org.testng.internal.Invoker.invokeTestMethods(Invoker.java:989)
	at org.testng.internal.TestMethodWorker.invokeTestMethods(TestMethodWorker.java:125)
	at org.testng.internal.TestMethodWorker.run(TestMethodWorker.java:109)
	at org.testng.TestRunner.privateRun(TestRunner.java:648)
	at org.testng.TestRunner.run(TestRunner.java:505)
	at org.testng.SuiteRunner.runTest(SuiteRunner.java:455)
	at org.testng.SuiteRunner.runSequentially(SuiteRunner.java:450)
	at org.testng.SuiteRunner.privateRun(SuiteRunner.java:415)
	at org.testng.SuiteRunner.run(SuiteRunner.java:364)
	at org.testng.SuiteRunnerWorker.runSuite(SuiteRunnerWorker.java:52)
	at org.testng.SuiteRunnerWorker.run(SuiteRunnerWorker.java:84)
	at org.testng.TestNG.runSuitesSequentially(TestNG.java:1208)
	at org.testng.TestNG.runSuitesLocally(TestNG.java:1137)
	at org.testng.TestNG.runSuites(TestNG.java:1049)
	at org.testng.TestNG.run(TestNG.java:1017)
	at org.apache.maven.surefire.testng.TestNGExecutor.run(TestNGExecutor.java:284)
	at org.apache.maven.surefire.testng.TestNGXmlTestSuite.execute(TestNGXmlTestSuite.java:75)
	at org.apache.maven.surefire.testng.TestNGProvider.invoke(TestNGProvider.java:119)
	at org.apache.maven.surefire.booter.ForkedBooter.runSuitesInProcess(ForkedBooter.java:428)
	at org.apache.maven.surefire.booter.ForkedBooter.execute(ForkedBooter.java:162)
	at org.apache.maven.surefire.booter.ForkedBooter.run(ForkedBooter.java:562)
	at org.apache.maven.surefire.booter.ForkedBooter.main(ForkedBooter.java:548)
java.net.MalformedURLException: unknown protocol: javascript
	at java.net.URL.<init>(URL.java:617)
	at java.net.URL.<init>(URL.java:507)
	at java.net.URL.<init>(URL.java:456)
	at com.NordicNaturals.helper.TestUtilities.linkValidation(TestUtilities.java:38)
	at com.NordicNaturals.TestCases.TC_001_HomePageLinkValidationTest.Test_HomePage_LinksSatus(TC_001_HomePageLinkValidationTest.java:53)
	at sun.reflect.NativeMethodAccessorImpl.invoke0(Native Method)
	at sun.reflect.NativeMethodAccessorImpl.invoke(NativeMethodAccessorImpl.java:62)
	at sun.reflect.DelegatingMethodAccessorImpl.invoke(DelegatingMethodAccessorImpl.java:43)
	at java.lang.reflect.Method.invoke(Method.java:498)
	at org.testng.internal.MethodInvocationHelper.invokeMethod(MethodInvocationHelper.java:124)
	at org.testng.internal.Invoker.invokeMethod(Invoker.java:583)
	at org.testng.internal.Invoker.invokeTestMethod(Invoker.java:719)
	at org.testng.internal.Invoker.invokeTestMethods(Invoker.java:989)
	at org.testng.internal.TestMethodWorker.invokeTestMethods(TestMethodWorker.java:125)
	at org.testng.internal.TestMethodWorker.run(TestMethodWorker.java:109)
	at org.testng.TestRunner.privateRun(TestRunner.java:648)
	at org.testng.TestRunner.run(TestRunner.java:505)
	at org.testng.SuiteRunner.runTest(SuiteRunner.java:455)
	at org.testng.SuiteRunner.runSequentially(SuiteRunner.java:450)
	at org.testng.SuiteRunner.privateRun(SuiteRunner.java:415)
	at org.testng.SuiteRunner.run(SuiteRunner.java:364)
	at org.testng.SuiteRunnerWorker.runSuite(SuiteRunnerWorker.java:52)
	at org.testng.SuiteRunnerWorker.run(SuiteRunnerWorker.java:84)
	at org.testng.TestNG.runSuitesSequentially(TestNG.java:1208)
	at org.testng.TestNG.runSuitesLocally(TestNG.java:1137)
	at org.testng.TestNG.runSuites(TestNG.java:1049)
	at org.testng.TestNG.run(TestNG.java:1017)
	at org.apache.maven.surefire.testng.TestNGExecutor.run(TestNGExecutor.java:284)
	at org.apache.maven.surefire.testng.TestNGXmlTestSuite.execute(TestNGXmlTestSuite.java:75)
	at org.apache.maven.surefire.testng.TestNGProvider.invoke(TestNGProvider.java:119)
	at org.apache.maven.surefire.booter.ForkedBooter.runSuitesInProcess(ForkedBooter.java:428)
	at org.apache.maven.surefire.booter.ForkedBooter.execute(ForkedBooter.java:162)
	at org.apache.maven.surefire.booter.ForkedBooter.run(ForkedBooter.java:562)
	at org.apache.maven.surefire.booter.ForkedBooter.main(ForkedBooter.java:548)
java.net.MalformedURLException: unknown protocol: javascript
	at java.net.URL.<init>(URL.java:617)
	at java.net.URL.<init>(URL.java:507)
	at java.net.URL.<init>(URL.java:456)
	at com.NordicNaturals.helper.TestUtilities.linkValidation(TestUtilities.java:38)
	at com.NordicNaturals.TestCases.TC_001_HomePageLinkValidationTest.Test_HomePage_LinksSatus(TC_001_HomePageLinkValidationTest.java:53)
	at sun.reflect.NativeMethodAccessorImpl.invoke0(Native Method)
	at sun.reflect.NativeMethodAccessorImpl.invoke(NativeMethodAccessorImpl.java:62)
	at sun.reflect.DelegatingMethodAccessorImpl.invoke(DelegatingMethodAccessorImpl.java:43)
	at java.lang.reflect.Method.invoke(Method.java:498)
	at org.testng.internal.MethodInvocationHelper.invokeMethod(MethodInvocationHelper.java:124)
	at org.testng.internal.Invoker.invokeMethod(Invoker.java:583)
	at org.testng.internal.Invoker.invokeTestMethod(Invoker.java:719)
	at org.testng.internal.Invoker.invokeTestMethods(Invoker.java:989)
	at org.testng.internal.TestMethodWorker.invokeTestMethods(TestMethodWorker.java:125)
	at org.testng.internal.TestMethodWorker.run(TestMethodWorker.java:109)
	at org.testng.TestRunner.privateRun(TestRunner.java:648)
	at org.testng.TestRunner.run(TestRunner.java:505)
	at org.testng.SuiteRunner.runTest(SuiteRunner.java:455)
	at org.testng.SuiteRunner.runSequentially(SuiteRunner.java:450)
	at org.testng.SuiteRunner.privateRun(SuiteRunner.java:415)
	at org.testng.SuiteRunner.run(SuiteRunner.java:364)
	at org.testng.SuiteRunnerWorker.runSuite(SuiteRunnerWorker.java:52)
	at org.testng.SuiteRunnerWorker.run(SuiteRunnerWorker.java:84)
	at org.testng.TestNG.runSuitesSequentially(TestNG.java:1208)
	at org.testng.TestNG.runSuitesLocally(TestNG.java:1137)
	at org.testng.TestNG.runSuites(TestNG.java:1049)
	at org.testng.TestNG.run(TestNG.java:1017)
	at org.apache.maven.surefire.testng.TestNGExecutor.run(TestNGExecutor.java:284)
	at org.apache.maven.surefire.testng.TestNGXmlTestSuite.execute(TestNGXmlTestSuite.java:75)
	at org.apache.maven.surefire.testng.TestNGProvider.invoke(TestNGProvider.java:119)
	at org.apache.maven.surefire.booter.ForkedBooter.runSuitesInProcess(ForkedBooter.java:428)
	at org.apache.maven.surefire.booter.ForkedBooter.execute(ForkedBooter.java:162)
	at org.apache.maven.surefire.booter.ForkedBooter.run(ForkedBooter.java:562)
	at org.apache.maven.surefire.booter.ForkedBooter.main(ForkedBooter.java:548)
java.net.MalformedURLException: unknown protocol: javascript
	at java.net.URL.<init>(URL.java:617)
	at java.net.URL.<init>(URL.java:507)
	at java.net.URL.<init>(URL.java:456)
	at com.NordicNaturals.helper.TestUtilities.linkValidation(TestUtilities.java:38)
	at com.NordicNaturals.TestCases.TC_001_HomePageLinkValidationTest.Test_HomePage_LinksSatus(TC_001_HomePageLinkValidationTest.java:53)
	at sun.reflect.NativeMethodAccessorImpl.invoke0(Native Method)
	at sun.reflect.NativeMethodAccessorImpl.invoke(NativeMethodAccessorImpl.java:62)
	at sun.reflect.DelegatingMethodAccessorImpl.invoke(DelegatingMethodAccessorImpl.java:43)
	at java.lang.reflect.Method.invoke(Method.java:498)
	at org.testng.internal.MethodInvocationHelper.invokeMethod(MethodInvocationHelper.java:124)
	at org.testng.internal.Invoker.invokeMethod(Invoker.java:583)
	at org.testng.internal.Invoker.invokeTestMethod(Invoker.java:719)
	at org.testng.internal.Invoker.invokeTestMethods(Invoker.java:989)
	at org.testng.internal.TestMethodWorker.invokeTestMethods(TestMethodWorker.java:125)
	at org.testng.internal.TestMethodWorker.run(TestMethodWorker.java:109)
	at org.testng.TestRunner.privateRun(TestRunner.java:648)
	at org.testng.TestRunner.run(TestRunner.java:505)
	at org.testng.SuiteRunner.runTest(SuiteRunner.java:455)
	at org.testng.SuiteRunner.runSequentially(SuiteRunner.java:450)
	at org.testng.SuiteRunner.privateRun(SuiteRunner.java:415)
	at org.testng.SuiteRunner.run(SuiteRunner.java:364)
	at org.testng.SuiteRunnerWorker.runSuite(SuiteRunnerWorker.java:52)
	at org.testng.SuiteRunnerWorker.run(SuiteRunnerWorker.java:84)
	at org.testng.TestNG.runSuitesSequentially(TestNG.java:1208)
	at org.testng.TestNG.runSuitesLocally(TestNG.java:1137)
	at org.testng.TestNG.runSuites(TestNG.java:1049)
	at org.testng.TestNG.run(TestNG.java:1017)
	at org.apache.maven.surefire.testng.TestNGExecutor.run(TestNGExecutor.java:284)
	at org.apache.maven.surefire.testng.TestNGXmlTestSuite.execute(TestNGXmlTestSuite.java:75)
	at org.apache.maven.surefire.testng.TestNGProvider.invoke(TestNGProvider.java:119)
	at org.apache.maven.surefire.booter.ForkedBooter.runSuitesInProcess(ForkedBooter.java:428)
	at org.apache.maven.surefire.booter.ForkedBooter.execute(ForkedBooter.java:162)
	at org.apache.maven.surefire.booter.ForkedBooter.run(ForkedBooter.java:562)
	at org.apache.maven.surefire.booter.ForkedBooter.main(ForkedBooter.java:548)
]]></system-err>
  </testcase>
</testsuite>